\BOOKMARK [1][-]{section.1}{\376\377\000I\000n\000t\000r\000o\000d\000u\000c\000c\000i\000\363\000n}{}% 1
\BOOKMARK [1][-]{section.2}{\376\377\000I\000n\000t\000r\000o\000d\000u\000c\000c\000i\000\363\000n\000\040\000a\000\040\000V\000i\000r\000t\000u\000a\000l\000B\000o\000x}{}% 2
\BOOKMARK [2][-]{subsection.2.1}{\376\377\000C\000o\000n\000t\000r\000o\000l\000e\000s\000\040\000B\000\341\000s\000i\000c\000o\000s\000\040\000e\000n\000\040\000V\000i\000r\000t\000u\000a\000l\000B\000o\000x}{section.2}% 3
\BOOKMARK [3][-]{subsubsection.2.1.1}{\376\377\000C\000r\000e\000a\000c\000i\000\363\000n\000\040\000y\000\040\000g\000e\000s\000t\000i\000\363\000n\000\040\000d\000e\000\040\000m\000\341\000q\000u\000i\000n\000a\000s\000\040\000v\000i\000r\000t\000u\000a\000l\000e\000s}{subsection.2.1}% 4
\BOOKMARK [3][-]{subsubsection.2.1.2}{\376\377\000C\000o\000n\000t\000r\000o\000l\000e\000s\000\040\000d\000e\000n\000t\000r\000o\000\040\000d\000e\000\040\000u\000n\000a\000\040\000m\000\341\000q\000u\000i\000n\000a\000\040\000v\000i\000r\000t\000u\000a\000l}{subsection.2.1}% 5
\BOOKMARK [2][-]{subsection.2.2}{\376\377\000A\000t\000a\000j\000o\000s\000\040\000d\000e\000\040\000T\000e\000c\000l\000a\000d\000o\000\040\000e\000n\000\040\000V\000i\000r\000t\000u\000a\000l\000B\000o\000x}{section.2}% 6
\BOOKMARK [2][-]{subsection.2.3}{\376\377\000G\000u\000\355\000a\000\040\000P\000a\000s\000o\000\040\000a\000\040\000P\000a\000s\000o\000:\000\040\000C\000r\000e\000a\000c\000i\000\363\000n\000\040\000d\000e\000\040\000u\000n\000a\000\040\000M\000\341\000q\000u\000i\000n\000a\000\040\000V\000i\000r\000t\000u\000a\000l\000\040\000p\000a\000r\000a\000\040\000U\000b\000u\000n\000t\000u\000\040\000S\000e\000r\000v\000e\000r\000\040\0002\0004\000.\0000\0004}{section.2}% 7
\BOOKMARK [3][-]{subsubsection.2.3.1}{\376\377\000D\000e\000s\000c\000a\000r\000g\000a\000r\000\040\000U\000b\000u\000n\000t\000u\000\040\000S\000e\000r\000v\000e\000r\000\040\0002\0004\000.\0000\0004}{subsection.2.3}% 8
\BOOKMARK [3][-]{subsubsection.2.3.2}{\376\377\000C\000r\000e\000a\000c\000i\000\363\000n\000\040\000d\000e\000\040\000l\000a\000\040\000M\000\341\000q\000u\000i\000n\000a\000\040\000V\000i\000r\000t\000u\000a\000l}{subsection.2.3}% 9
\BOOKMARK [2][-]{subsection.2.4}{\376\377\000C\000o\000n\000c\000l\000u\000s\000i\000\363\000n}{section.2}% 10
\BOOKMARK [1][-]{section.3}{\376\377\000I\000n\000s\000t\000a\000l\000a\000c\000i\000\363\000n\000\040\000y\000\040\000C\000o\000n\000f\000i\000g\000u\000r\000a\000c\000i\000\363\000n\000\040\000d\000e\000\040\000U\000b\000u\000n\000t\000u\000\040\000S\000e\000r\000v\000e\000r\000\040\0002\0004\000.\0000\0004}{}% 11
\BOOKMARK [2][-]{subsection.3.1}{\376\377\000D\000e\000s\000c\000a\000r\000g\000a\000\040\000d\000e\000\040\000U\000b\000u\000n\000t\000u\000\040\000S\000e\000r\000v\000e\000r\000\040\0002\0004\000.\0000\0004}{section.3}% 12
\BOOKMARK [2][-]{subsection.3.2}{\376\377\000C\000r\000e\000a\000c\000i\000\363\000n\000\040\000d\000e\000l\000\040\000m\000e\000d\000i\000o\000\040\000d\000e\000\040\000i\000n\000s\000t\000a\000l\000a\000c\000i\000\363\000n\000\040\000\050\000O\000p\000c\000i\000o\000n\000a\000l\000\051}{section.3}% 13
\BOOKMARK [3][-]{subsubsection.3.2.1}{\376\377\000O\000p\000c\000i\000\363\000n\000\040\0001\000:\000\040\000C\000r\000e\000a\000r\000\040\000u\000n\000\040\000U\000S\000B\000\040\000B\000o\000o\000t\000e\000a\000b\000l\000e\000\040\000\050\000r\000e\000c\000o\000m\000e\000n\000d\000a\000d\000o\000\051}{subsection.3.2}% 14
\BOOKMARK [3][-]{subsubsection.3.2.2}{\376\377\000O\000p\000c\000i\000\363\000n\000\040\0002\000:\000\040\000G\000r\000a\000b\000a\000r\000\040\000e\000n\000\040\000u\000n\000\040\000D\000V\000D\000\040\000\050\000m\000e\000n\000o\000s\000\040\000r\000e\000c\000o\000m\000e\000n\000d\000a\000d\000o\000\051}{subsection.3.2}% 15
\BOOKMARK [3][-]{subsubsection.3.2.3}{\376\377\000C\000o\000n\000f\000i\000g\000u\000r\000a\000c\000i\000\363\000n\000\040\000d\000e\000l\000\040\000B\000I\000O\000S\000/\000U\000E\000F\000I}{subsection.3.2}% 16
\BOOKMARK [2][-]{subsection.3.3}{\376\377\000I\000n\000s\000t\000a\000l\000a\000c\000i\000\363\000n\000\040\000d\000e\000\040\000U\000b\000u\000n\000t\000u\000\040\000S\000e\000r\000v\000e\000r\000\040\0002\0004\000.\0000\0004}{section.3}% 17
\BOOKMARK [2][-]{subsection.3.4}{\376\377\000P\000r\000i\000m\000e\000r\000\040\000a\000r\000r\000a\000n\000q\000u\000e\000\040\000y\000\040\000c\000o\000n\000f\000i\000g\000u\000r\000a\000c\000i\000\363\000n\000\040\000p\000o\000s\000t\000-\000i\000n\000s\000t\000a\000l\000a\000c\000i\000\363\000n}{section.3}% 18
\BOOKMARK [2][-]{subsection.3.5}{\376\377\000C\000o\000n\000f\000i\000g\000u\000r\000a\000c\000i\000\363\000n\000\040\000a\000d\000i\000c\000i\000o\000n\000a\000l}{section.3}% 19
\BOOKMARK [2][-]{subsection.3.6}{\376\377\000C\000o\000n\000c\000l\000u\000s\000i\000\363\000n}{section.3}% 20
\BOOKMARK [1][-]{section.4}{\376\377\000C\000o\000m\000p\000i\000l\000a\000c\000i\000\363\000n\000\040\000d\000e\000\040\000P\000o\000s\000t\000g\000r\000e\000S\000Q\000L}{}% 21
\BOOKMARK [2][-]{subsection.4.1}{\376\377\000A\000c\000t\000u\000a\000l\000i\000z\000a\000r\000\040\000e\000l\000\040\000S\000i\000s\000t\000e\000m\000a}{section.4}% 22
\BOOKMARK [2][-]{subsection.4.2}{\376\377\000I\000n\000s\000t\000a\000l\000a\000r\000\040\000D\000e\000p\000e\000n\000d\000e\000n\000c\000i\000a\000s\000\040\000N\000e\000c\000e\000s\000a\000r\000i\000a\000s}{section.4}% 23
\BOOKMARK [2][-]{subsection.4.3}{\376\377\000D\000e\000s\000c\000a\000r\000g\000a\000r\000\040\000l\000a\000\040\000\332\000l\000t\000i\000m\000a\000\040\000V\000e\000r\000s\000i\000\363\000n\000\040\000d\000e\000\040\000P\000o\000s\000t\000g\000r\000e\000S\000Q\000L}{section.4}% 24
\BOOKMARK [2][-]{subsection.4.4}{\376\377\000E\000x\000t\000r\000a\000e\000r\000\040\000e\000l\000\040\000C\000\363\000d\000i\000g\000o\000\040\000F\000u\000e\000n\000t\000e}{section.4}% 25
\BOOKMARK [2][-]{subsection.4.5}{\376\377\000C\000o\000n\000f\000i\000g\000u\000r\000a\000r\000\040\000l\000a\000\040\000C\000o\000m\000p\000i\000l\000a\000c\000i\000\363\000n}{section.4}% 26
\BOOKMARK [2][-]{subsection.4.6}{\376\377\000C\000o\000m\000p\000i\000l\000a\000r\000\040\000P\000o\000s\000t\000g\000r\000e\000S\000Q\000L}{section.4}% 27
\BOOKMARK [2][-]{subsection.4.7}{\376\377\000I\000n\000s\000t\000a\000l\000a\000r\000\040\000P\000o\000s\000t\000g\000r\000e\000S\000Q\000L}{section.4}% 28
\BOOKMARK [2][-]{subsection.4.8}{\376\377\000C\000r\000e\000a\000r\000\040\000e\000l\000\040\000S\000u\000p\000e\000r\000u\000s\000u\000a\000r\000i\000o\000\040\000P\000o\000s\000t\000g\000r\000e\000s\000\040\000y\000\040\000C\000o\000n\000f\000i\000g\000u\000r\000a\000r\000\040\000D\000i\000r\000e\000c\000t\000o\000r\000i\000o\000s}{section.4}% 29
\BOOKMARK [2][-]{subsection.4.9}{\376\377\000I\000n\000i\000c\000i\000a\000l\000i\000z\000a\000r\000\040\000l\000a\000\040\000B\000a\000s\000e\000\040\000d\000e\000\040\000D\000a\000t\000o\000s}{section.4}% 30
\BOOKMARK [1][-]{section.5}{\376\377\000A\000c\000c\000e\000s\000o\000s\000\040\000d\000i\000r\000e\000c\000t\000o\000s\000\040\000a\000\040\000l\000o\000s\000\040\000B\000i\000n\000a\000r\000i\000o\000s\000\040\000d\000e\000\040\000P\000o\000s\000t\000g\000r\000e\000S\000Q\000L}{}% 31
\BOOKMARK [2][-]{subsection.5.1}{\376\377\000C\000o\000n\000f\000i\000g\000u\000r\000a\000r\000\040\000e\000l\000\040\000S\000e\000r\000v\000i\000c\000i\000o\000\040\000d\000e\000\040\000P\000o\000s\000t\000g\000r\000e\000S\000Q\000L}{section.5}% 32
\BOOKMARK [2][-]{subsection.5.2}{\376\377\000I\000n\000i\000c\000i\000a\000r\000\040\000y\000\040\000H\000a\000b\000i\000l\000i\000t\000a\000r\000\040\000P\000o\000s\000t\000g\000r\000e\000S\000Q\000L}{section.5}% 33
\BOOKMARK [2][-]{subsection.5.3}{\376\377\000V\000e\000r\000i\000f\000i\000c\000a\000r\000\040\000e\000l\000\040\000E\000s\000t\000a\000d\000o\000\040\000d\000e\000l\000\040\000S\000e\000r\000v\000i\000d\000o\000r}{section.5}% 34
\BOOKMARK [2][-]{subsection.5.4}{\376\377\000A\000c\000c\000e\000d\000e\000r\000\040\000a\000\040\000P\000o\000s\000t\000g\000r\000e\000S\000Q\000L\000\040\000d\000e\000s\000d\000e\000\040\000e\000l\000\040\000U\000s\000u\000a\000r\000i\000o\000\040\000L\000i\000n\000u\000x}{section.5}% 35
\BOOKMARK [2][-]{subsection.5.5}{\376\377\000\241\000P\000o\000s\000t\000g\000r\000e\000S\000Q\000L\000\040\000e\000s\000t\000\341\000\040\000l\000i\000s\000t\000o\000\040\000p\000a\000r\000a\000\040\000u\000s\000a\000r\000s\000e\000!}{section.5}% 36
